<?xml version="1.0" encoding="UTF-8"?>
<testng-results ignored="0" total="1" passed="1" failed="0" skipped="0">
  <reporter-output>
  </reporter-output>
  <suite started-at="2022-04-23T14:21:38 IST" name="Suite" finished-at="2022-04-23T14:23:43 IST" duration-ms="124929">
    <groups>
    </groups>
    <test started-at="2022-04-23T14:21:38 IST" name="Test" finished-at="2022-04-23T14:23:43 IST" duration-ms="124929">
      <class name="com.sdet.automationcoadingchallenge.testcases.ProductTest">
        <test-method is-config="true" signature="beforeSuite()[pri:0, instance:com.sdet.automationcoadingchallenge.testcases.ProductTest@60bd273d]" started-at="2022-04-23T14:21:38 IST" name="beforeSuite" finished-at="2022-04-23T14:21:38 IST" duration-ms="195" status="PASS">
          <reporter-output>
          </reporter-output>
        </test-method> <!-- beforeSuite -->
        <test-method is-config="true" signature="loadConfig()[pri:0, instance:com.sdet.automationcoadingchallenge.testcases.ProductTest@60bd273d]" started-at="2022-04-23T14:21:38 IST" name="loadConfig" finished-at="2022-04-23T14:21:38 IST" duration-ms="1" status="PASS">
          <reporter-output>
          </reporter-output>
        </test-method> <!-- loadConfig -->
        <test-method is-config="true" signature="setUp()[pri:0, instance:com.sdet.automationcoadingchallenge.testcases.ProductTest@60bd273d]" started-at="2022-04-23T14:21:38 IST" name="setUp" finished-at="2022-04-23T14:22:45 IST" duration-ms="67023" status="PASS">
          <reporter-output>
          </reporter-output>
        </test-method> <!-- setUp -->
        <test-method signature="homePageTest()[pri:0, instance:com.sdet.automationcoadingchallenge.testcases.ProductTest@60bd273d]" started-at="2022-04-23T14:22:45 IST" name="homePageTest" finished-at="2022-04-23T14:23:36 IST" duration-ms="50546" status="PASS">
          <reporter-output>
          </reporter-output>
        </test-method> <!-- homePageTest -->
        <test-method is-config="true" signature="tearDown()[pri:0, instance:com.sdet.automationcoadingchallenge.testcases.ProductTest@60bd273d]" started-at="2022-04-23T14:23:36 IST" name="tearDown" finished-at="2022-04-23T14:23:43 IST" duration-ms="7235" status="PASS">
          <reporter-output>
          </reporter-output>
        </test-method> <!-- tearDown -->
      </class> <!-- com.sdet.automationcoadingchallenge.testcases.ProductTest -->
    </test> <!-- Test -->
  </suite> <!-- Suite -->
</testng-results>
